\BOOKMARK [1][-]{section*.1}{\376\377\000F\000o\000r\000e\000w\000o\000r\000d}{}% 1
\BOOKMARK [1][-]{section*.2}{\376\377\000A\000b\000s\000t\000r\000a\000c\000t}{}% 2
\BOOKMARK [1][-]{section.4}{\376\377\0001\000.\000\040\000I\000n\000t\000r\000o\000d\000u\000c\000t\000i\000o\000n}{}% 3
\BOOKMARK [2][-]{subsection.5}{\376\377\0001\000.\0001\000.\000\040\000A\000l\000z\000h\000e\000i\000m\000e\000r\040\031\000s\000\040\000D\000i\000s\000e\000a\000s\000e}{section.4}% 4
\BOOKMARK [3][-]{subsubsection.6}{\376\377\0001\000.\0001\000.\0001\000.\000\040\000A\000m\000y\000l\000o\000i\000d\000\040\000c\000a\000s\000c\000a\000d\000e\000\040\000h\000y\000p\000o\000t\000h\000e\000s\000i\000s}{subsection.5}% 5
\BOOKMARK [2][-]{subsection.7}{\376\377\0001\000.\0002\000.\000\040\000H\000u\000m\000a\000n\000\040\000a\000p\000o\000l\000i\000p\000o\000p\000r\000o\000t\000e\000i\000n\000-\000E\000\040\000g\000e\000n\000e}{section.4}% 6
\BOOKMARK [3][-]{subsubsection.8}{\376\377\0001\000.\0002\000.\0001\000.\000\040\000T\000i\000s\000s\000u\000e\000\040\000e\000x\000p\000r\000e\000s\000s\000i\000o\000n}{subsection.7}% 7
\BOOKMARK [3][-]{subsubsection.9}{\376\377\0001\000.\0002\000.\0002\000.\000\040\000A\000p\000o\000E\0004\000\040\000a\000n\000d\000\040\000A\000l\000z\000h\000e\000i\000n\000e\000r\000'\000s\000\040\000D\000i\000s\000e\000a\000s\000e}{subsection.7}% 8
\BOOKMARK [3][-]{subsubsection.11}{\376\377\0001\000.\0002\000.\0003\000.\000\040\000A\000p\000o\000E\000\040\000a\000n\000d\000\040\000a\000n\000c\000e\000s\000t\000r\000y\000\040\000i\000n\000\040\000A\000l\000z\000h\000e\000i\000m\000e\000r\000'\000s\000\040\000D\000i\000s\000e\000a\000s\000e}{subsection.7}% 9
\BOOKMARK [3][-]{subsubsection.12}{\376\377\0001\000.\0002\000.\0004\000.\000\040\000A\000p\000o\000E\000\040\000a\000n\000d\000\040\000s\000e\000x\000\040\000s\000y\000n\000e\000r\000g\000y\000\040\000i\000n\000\040\000A\000l\000z\000h\000e\000i\000m\000e\000r\000'\000s\000\040\000D\000i\000s\000e\000a\000s\000e}{subsection.7}% 10
\BOOKMARK [3][-]{subsubsection.13}{\376\377\0001\000.\0002\000.\0005\000.\000\040\000E\000v\000o\000l\000u\000t\000i\000o\000n\000\040\000o\000f\000\040\000A\000p\000o\000E\000\040\000o\000v\000e\000r\000\040\000t\000i\000m\000e}{subsection.7}% 11
\BOOKMARK [2][-]{subsection.14}{\376\377\0001\000.\0003\000.\000\040\000A\000p\000o\000-\000l\000i\000p\000o\000p\000r\000o\000t\000e\000i\000n\000\040\000E}{section.4}% 12
\BOOKMARK [3][-]{subsubsection.15}{\376\377\0001\000.\0003\000.\0001\000.\000\040\000S\000t\000r\000u\000c\000t\000u\000r\000e\000\040\000a\000n\000d\000\040\000f\000u\000n\000c\000t\000i\000o\000n}{subsection.14}% 13
\BOOKMARK [3][-]{subsubsection.17}{\376\377\0001\000.\0003\000.\0002\000.\000\040\000A\000p\000o\000E\000\040\000i\000s\000o\000f\000o\000r\000m\000s}{subsection.14}% 14
\BOOKMARK [3][-]{subsubsection.18}{\376\377\0001\000.\0003\000.\0003\000.\000\040\000L\000i\000p\000i\000d\000a\000t\000i\000o\000n\000\040\000n\000u\000a\000n\000c\000e\000s\000\040\000o\000f\000\040\000A\000p\000o\000E\000\040\000i\000s\000o\000f\000o\000r\000m\000s}{subsection.14}% 15
\BOOKMARK [3][-]{subsubsection.20}{\376\377\0001\000.\0003\000.\0004\000.\000\040\000I\000n\000t\000e\000r\000p\000l\000a\000y\000\040\000b\000e\000t\000w\000e\000e\000n\000\040\000A\000p\000o\000E\000\040\000l\000i\000p\000i\000d\000a\000t\000i\000o\000n\000\040\000a\000n\000d\000\040\000A\000l\000z\000h\000e\000i\000m\000e\000r\000'\000s\000\040\000D\000i\000s\000e\000a\000s\000e}{subsection.14}% 16
\BOOKMARK [2][-]{subsection.21}{\376\377\0001\000.\0004\000.\000\040\000A\000p\000o\000E\0004\000-\000m\000e\000d\000i\000a\000t\000e\000d\000\040\000m\000e\000t\000a\000b\000o\000l\000i\000c\000\040\000c\000h\000a\000n\000g\000e\000s\000\040\000i\000n\000\040\000A\000l\000z\000h\000e\000i\000m\000e\000r\000'\000s\000\040\000D\000i\000s\000e\000a\000s\000e}{section.4}% 17
\BOOKMARK [3][-]{subsubsection.22}{\376\377\0001\000.\0004\000.\0001\000.\000\040\000M\000e\000a\000s\000u\000r\000e\000d\000\040\000i\000n\000\040\000p\000o\000s\000t\000-\000m\000o\000r\000t\000e\000m\000\040\000b\000r\000a\000i\000n\000\040\000t\000i\000s\000s\000u\000e}{subsection.21}% 18
\BOOKMARK [3][-]{subsubsection.23}{\376\377\0001\000.\0004\000.\0002\000.\000\040\000M\000e\000a\000s\000u\000r\000e\000d\000\040\000i\000n\000\040\000b\000l\000o\000o\000d}{subsection.21}% 19
\BOOKMARK [2][-]{subsection.25}{\376\377\0001\000.\0005\000.\000\040\000R\000e\000s\000e\000a\000r\000c\000h\000\040\000Q\000u\000e\000s\000t\000i\000o\000n\000s}{section.4}% 20
\BOOKMARK [1][-]{section.29}{\376\377\0002\000.\000\040\000D\000a\000t\000a}{}% 21
\BOOKMARK [1][-]{section.30}{\376\377\0003\000.\000\040\000M\000e\000t\000h\000o\000d\000o\000l\000o\000g\000y}{}% 22
\BOOKMARK [2][-]{subsection.31}{\376\377\0003\000.\0001\000.\000\040\000D\000a\000t\000a\000\040\000m\000a\000n\000a\000g\000e\000m\000e\000n\000t}{section.30}% 23
\BOOKMARK [2][-]{subsection.32}{\376\377\0003\000.\0002\000.\000\040\000D\000a\000t\000a\000\040\000e\000x\000p\000l\000o\000r\000a\000t\000i\000o\000n\000\040\000a\000n\000d\000\040\000V\000i\000s\000u\000a\000l\000i\000s\000a\000t\000i\000o\000n}{section.30}% 24
\BOOKMARK [2][-]{subsection.33}{\376\377\0003\000.\0003\000.\000\040\000F\000e\000a\000t\000u\000r\000e\000\040\000e\000n\000g\000i\000n\000e\000e\000r\000i\000n\000g}{section.30}% 25
\BOOKMARK [3][-]{subsubsection.35}{\376\377\0003\000.\0003\000.\0001\000.\000\040\000A\000D\000\040\000g\000r\000o\000u\000p}{subsection.33}% 26
\BOOKMARK [3][-]{subsubsection.38}{\376\377\0003\000.\0003\000.\0002\000.\000\040\000S\000C\000D\000\040\000a\000n\000d\000\040\000A\000D}{subsection.33}% 27
\BOOKMARK [2][-]{subsection.40}{\376\377\0003\000.\0004\000.\000\040\000S\000t\000a\000t\000i\000s\000t\000i\000c\000a\000l\000\040\000A\000n\000a\000l\000y\000s\000i\000s}{section.30}% 28
\BOOKMARK [3][-]{subsubsection.41}{\376\377\0003\000.\0004\000.\0001\000.\000\040\000A\000p\000o\000E\0004\000\040\000d\000o\000s\000e\000\040\000e\000f\000f\000e\000c\000t\000s\000\040\000o\000n\000\040\000p\000l\000a\000s\000m\000a\000\040\000m\000e\000t\000a\000b\000o\000l\000i\000t\000e\000\040\000l\000e\000v\000e\000l\000s\000\040\000i\000n\000\040\000A\000D}{subsection.40}% 29
\BOOKMARK [3][-]{subsubsection.44}{\376\377\0003\000.\0004\000.\0002\000.\000\040\000G\000l\000o\000b\000a\000l\000\040\000t\000e\000s\000t\000i\000n\000g}{subsection.40}% 30
\BOOKMARK [3][-]{subsubsection.45}{\376\377\0003\000.\0004\000.\0003\000.\000\040\000M\000a\000c\000h\000i\000n\000e\000\040\000L\000e\000a\000r\000n\000i\000n\000g}{subsection.40}% 31
\BOOKMARK [3][-]{subsubsection.46}{\376\377\0003\000.\0004\000.\0004\000.\000\040\000N\000e\000t\000w\000o\000r\000k\000\040\000a\000n\000a\000l\000y\000s\000i\000s}{subsection.40}% 32
\BOOKMARK [2][-]{subsection.47}{\376\377\0003\000.\0005\000.\000\040\000R\000\040\000P\000a\000c\000k\000a\000g\000e\000s}{section.30}% 33
\BOOKMARK [1][-]{section.48}{\376\377\0004\000.\000\040\000R\000e\000s\000u\000l\000t\000s}{}% 34
\BOOKMARK [2][-]{subsection.49}{\376\377\0004\000.\0001\000.\000\040\000D\000a\000t\000a\000\040\000E\000x\000p\000l\000o\000r\000a\000t\000i\000o\000n\000\040\000a\000n\000d\000\040\000V\000i\000s\000u\000a\000l\000i\000s\000a\000t\000i\000o\000n}{section.48}% 35
\BOOKMARK [2][-]{subsection.50}{\376\377\0004\000.\0002\000.\000\040\000R\000Q\000i\000\040\000-\000\040\000D\000i\000f\000f\000e\000r\000e\000n\000t\000i\000a\000l\000\040\000e\000x\000p\000r\000e\000s\000s\000i\000o\000n\000\040\000o\000f\000\040\000p\000l\000a\000s\000m\000a\000\040\000m\000e\000t\000a\000b\000o\000l\000i\000t\000e\000s\000\040\000p\000e\000r\000\040\000A\000p\000o\000E\0004\000\040\000d\000o\000s\000e\000\040\000a\000m\000o\000n\000g\000\040\000A\000D\000\040\000a\000n\000d\000\040\000S\000C\000D}{section.48}% 36
\BOOKMARK [3][-]{subsubsection.51}{\376\377\0004\000.\0002\000.\0001\000.\000\040\000G\000l\000o\000b\000a\000l\000\040\000T\000e\000s\000t}{subsection.50}% 37
\BOOKMARK [3][-]{subsubsection.52}{\376\377\0004\000.\0002\000.\0002\000.\000\040\000H\000i\000e\000r\000a\000r\000c\000h\000i\000c\000a\000l\000\040\000G\000l\000o\000b\000a\000l\000\040\000A\000N\000C\000O\000V\000A\000\040\000o\000n\000\040\000G\000e\000n\000e\000r\000a\000l\000i\000s\000e\000d\000\040\000L\000i\000n\000e\000a\000r\000\040\000M\000o\000d\000e\000l\000s}{subsection.50}% 38
\BOOKMARK [3][-]{subsubsection.53}{\376\377\0004\000.\0002\000.\0003\000.\000\040\000A\000N\000O\000V\000A\000\040\000o\000n\000\040\000N\000e\000s\000t\000e\000d\000\040\000L\000i\000n\000e\000a\000r\000\040\000M\000o\000d\000e\000l\000s}{subsection.50}% 39
\BOOKMARK [2][-]{subsection.54}{\376\377\0004\000.\0003\000.\000\040\000R\000Q\000i\000i\000\040\000-\000\040\000C\000l\000a\000s\000s\000i\000f\000i\000c\000a\000t\000i\000o\000n\000\040\000o\000f\000\040\000m\000e\000t\000a\000b\000o\000l\000i\000t\000e\000s\000\040\000o\000n\000\040\000A\000p\000o\000E\0004\000\040\000p\000r\000e\000s\000e\000n\000c\000e}{section.48}% 40
\BOOKMARK [3][-]{subsubsection.55}{\376\377\0004\000.\0003\000.\0001\000.\000\040\000B\000e\000n\000c\000h\000m\000a\000r\000k\000\040\000m\000o\000d\000e\000l\000:\000\040\000c\000l\000i\000n\000i\000c\000a\000l\000\040\000f\000a\000c\000t\000o\000r\000s\000\040\000o\000n\000l\000y}{subsection.54}% 41
\BOOKMARK [3][-]{subsubsection.56}{\376\377\0004\000.\0003\000.\0002\000.\000\040\000F\000i\000t\000t\000i\000n\000g\000\040\000t\000h\000e\000\040\000f\000u\000l\000l\000\040\000m\000e\000t\000a\000b\000o\000l\000o\000m\000i\000c\000\040\000p\000a\000n\000e\000l\000,\000\040\000c\000o\000r\000r\000e\000c\000t\000i\000n\000g\000\040\000f\000o\000r\000\040\000c\000l\000i\000n\000i\000c\000a\000l\000\040\000f\000a\000c\000t\000o\000r\000s}{subsection.54}% 42
\BOOKMARK [3][-]{subsubsection.57}{\376\377\0004\000.\0003\000.\0003\000.\000\040\000F\000i\000t\000t\000i\000n\000g\000\040\000t\000h\000e\000\040\000m\000e\000t\000a\000b\000o\000l\000o\000m\000i\000c\000\040\000M\000L\000-\000e\000s\000t\000i\000m\000a\000t\000e\000d\000\040\0006\000-\000f\000a\000c\000t\000o\000r\000\040\000L\000a\000t\000e\000n\000t\000\040\000P\000r\000o\000j\000e\000c\000t\000i\000o\000n}{subsection.54}% 43
\BOOKMARK [2][-]{subsection.58}{\376\377\0004\000.\0004\000.\000\040\000R\000Q\000i\000i\000i\000\040\000-\000\040\000N\000e\000t\000w\000o\000r\000k\000\040\000a\000n\000a\000l\000y\000s\000i\000s\000\040\000o\000f\000\040\000m\000e\000t\000a\000b\000o\000l\000i\000t\000e\000s}{section.48}% 44
\BOOKMARK [1][-]{section.59}{\376\377\0005\000.\000\040\000D\000i\000s\000c\000u\000s\000s\000i\000o\000n}{}% 45
\BOOKMARK [1][-]{section.60}{\376\377\0006\000.\000\040\000C\000o\000n\000c\000l\000u\000s\000i\000o\000n}{}% 46
\BOOKMARK [1][-]{section*.61}{\376\377\000R\000e\000f\000e\000r\000e\000n\000c\000e\000s}{}% 47
